2023-08-14 18:11:58,403 [INFO] Activator:176 - 


2023-08-14 18:11:58,406 [INFO] Activator:177 - !SESSION log4j initialized
2023-08-14 18:12:01,781 [INFO] LogOutputStream:77 - [STDOUT_REDIRECT] 
2023-08-14 18:12:04,371 [INFO] ApplicationProperties:184 - Using Application install path: C:\ST\STM32CubeIDE_1.12.0\STM32CubeIDE\plugins\com.st.stm32cube.common.mx_6.9.1.202307191849
2023-08-14 18:12:04,392 [INFO] DbMcusXml:78 - Set database path to: C:\ST\STM32CubeIDE_1.12.0\STM32CubeIDE\plugins\com.st.stm32cube.common.mx_6.9.1.202307191849\\db\/mcu/
2023-08-14 18:12:04,392 [INFO] ApiDb:274 - Set plugin database path to: C:\ST\STM32CubeIDE_1.12.0\STM32CubeIDE\plugins\com.st.stm32cube.common.mx_6.9.1.202307191849\\db\/plugins/boardmanager/
2023-08-14 18:12:04,393 [WARN] ApiDb:259 - Overriding images path with different value:  => C:\ST\STM32CubeIDE_1.12.0\STM32CubeIDE\plugins\com.st.stm32cube.common.mx_6.9.1.202307191849\\db\/plugins/mcufinder/images/
2023-08-14 18:12:04,406 [INFO] ApiDb:250 - Set database path to: C:\Users\Afshin\.stmcufinder\plugins\mcufinder//mcu/
2023-08-14 18:12:04,408 [INFO] DbMcusAds:125 - Set database path to: C:\Users\Afshin\.stmcufinder\plugins\mcufinder//mcu/
2023-08-14 18:12:04,411 [INFO] CrossReferenceDbSqlite:203 - Set database path to: C:\Users\Afshin\.stmcufinder\plugins\mcufinder//mcu/cs/
2023-08-14 18:12:04,598 [INFO] RulesReader:64 - Compatibility file has been processed (293 Rules)
2023-08-14 18:12:04,713 [INFO] DbMcusXml:78 - Set database path to: C:\ST\STM32CubeIDE_1.12.0\STM32CubeIDE\plugins\com.st.stm32cube.common.mx_6.9.1.202307191849\\db\/mcu/
2023-08-14 18:12:04,714 [INFO] ApiDb:274 - Set plugin database path to: C:\ST\STM32CubeIDE_1.12.0\STM32CubeIDE\plugins\com.st.stm32cube.common.mx_6.9.1.202307191849\\db\/plugins/boardmanager/
2023-08-14 18:12:04,714 [INFO] ApiDb:261 - Set plugin images path to: C:\ST\STM32CubeIDE_1.12.0\STM32CubeIDE\plugins\com.st.stm32cube.common.mx_6.9.1.202307191849\\db\/plugins/mcufinder/images/
2023-08-14 18:12:04,714 [WARN] DbFile:41 - Overriding database path with different value: C:\Users\Afshin\.stmcufinder\plugins\mcufinder/ => C:\Users\Afshin\.stmcufinder\plugins\mcufinder
2023-08-14 18:12:04,714 [INFO] ApiDb:250 - Set database path to: C:\Users\Afshin\.stmcufinder\plugins\mcufinder//mcu/
2023-08-14 18:12:04,714 [WARN] DbFile:41 - Overriding database path with different value: C:\Users\Afshin\.stmcufinder\plugins\mcufinder/ => C:\Users\Afshin\.stmcufinder\plugins\mcufinder
2023-08-14 18:12:04,715 [INFO] DbMcusAds:125 - Set database path to: C:\Users\Afshin\.stmcufinder\plugins\mcufinder//mcu/
2023-08-14 18:12:04,715 [WARN] DbFile:41 - Overriding database path with different value: C:\Users\Afshin\.stmcufinder\plugins\mcufinder/ => C:\Users\Afshin\.stmcufinder\plugins\mcufinder
2023-08-14 18:12:04,715 [WARN] DbFile:41 - Overriding database path with different value: C:\Users\Afshin\.stmcufinder\plugins\mcufinder/ => C:\Users\Afshin\.stmcufinder\plugins\mcufinder
2023-08-14 18:12:04,715 [INFO] CrossReferenceDbSqlite:203 - Set database path to: C:\Users\Afshin\.stmcufinder\plugins\mcufinder//mcu/cs/
2023-08-14 18:12:04,860 [INFO] MainPanel:262 - HeapMemory: 268435456
2023-08-14 18:12:04,968 [INFO] DbMcusXml:78 - Set database path to: C:\ST\STM32CubeIDE_1.12.0\STM32CubeIDE\plugins\com.st.stm32cube.common.mx_6.9.1.202307191849\\db\/mcu/
2023-08-14 18:12:04,968 [INFO] ApiDb:274 - Set plugin database path to: C:\ST\STM32CubeIDE_1.12.0\STM32CubeIDE\plugins\com.st.stm32cube.common.mx_6.9.1.202307191849\\db\/plugins/boardmanager/
2023-08-14 18:12:04,969 [INFO] ApiDb:261 - Set plugin images path to: C:\ST\STM32CubeIDE_1.12.0\STM32CubeIDE\plugins\com.st.stm32cube.common.mx_6.9.1.202307191849\\db\/plugins/mcufinder/images/
2023-08-14 18:12:04,969 [WARN] DbFile:41 - Overriding database path with different value: C:\Users\Afshin\.stmcufinder\plugins\mcufinder/ => C:\Users\Afshin\.stmcufinder\plugins\mcufinder
2023-08-14 18:12:04,969 [INFO] ApiDb:250 - Set database path to: C:\Users\Afshin\.stmcufinder\plugins\mcufinder//mcu/
2023-08-14 18:12:04,969 [WARN] DbFile:41 - Overriding database path with different value: C:\Users\Afshin\.stmcufinder\plugins\mcufinder/ => C:\Users\Afshin\.stmcufinder\plugins\mcufinder
2023-08-14 18:12:04,969 [INFO] DbMcusAds:125 - Set database path to: C:\Users\Afshin\.stmcufinder\plugins\mcufinder//mcu/
2023-08-14 18:12:04,969 [WARN] DbFile:41 - Overriding database path with different value: C:\Users\Afshin\.stmcufinder\plugins\mcufinder/ => C:\Users\Afshin\.stmcufinder\plugins\mcufinder
2023-08-14 18:12:04,970 [WARN] DbFile:41 - Overriding database path with different value: C:\Users\Afshin\.stmcufinder\plugins\mcufinder/ => C:\Users\Afshin\.stmcufinder\plugins\mcufinder
2023-08-14 18:12:04,970 [INFO] CrossReferenceDbSqlite:203 - Set database path to: C:\Users\Afshin\.stmcufinder\plugins\mcufinder//mcu/cs/
2023-08-14 18:12:04,990 [INFO] ApplicationProperties:184 - Using Application install path: C:\ST\STM32CubeIDE_1.12.0\STM32CubeIDE\plugins\com.st.stm32cube.common.mx_6.9.1.202307191849
2023-08-14 18:12:04,991 [INFO] PluginManage:196 - Search for loadable plugins [exclusion list=, ]
2023-08-14 18:12:04,994 [INFO] PluginManage:310 - Check plugin analytics
2023-08-14 18:12:05,289 [INFO] AnalyticsPlugin:253 - Accepted Software Licenses: STM32CubeMX.6.8.0,STM32CubeMX.6.8.1
2023-08-14 18:12:05,290 [INFO] AnalyticsPlugin:255 - Accepted CMSIS Pack Licenses: 
2023-08-14 18:12:05,290 [INFO] AnalyticsPlugin:257 - Accepted Firmware Licenses: 
2023-08-14 18:12:05,295 [INFO] PluginManage:359 - Loaded plugin analytics (category:tool,tabindex:-1)
2023-08-14 18:12:05,296 [INFO] PluginManage:310 - Check plugin cadmodel
2023-08-14 18:12:05,307 [INFO] CADModel:105 - Init CAD model plugin
2023-08-14 18:12:05,307 [INFO] PluginManage:359 - Loaded plugin cadmodel (category:power,tabindex:5)
2023-08-14 18:12:05,307 [INFO] PluginManage:310 - Check plugin clock
2023-08-14 18:12:05,322 [INFO] PluginManage:359 - Loaded plugin clock (category:base,tabindex:2)
2023-08-14 18:12:05,323 [INFO] PluginManage:310 - Check plugin ddr
2023-08-14 18:12:05,326 [INFO] PluginManage:359 - Loaded plugin ddr (category:tool,tabindex:6)
2023-08-14 18:12:05,326 [INFO] PluginManage:310 - Check plugin filemanager
2023-08-14 18:12:05,529 [INFO] PluginManage:359 - Loaded plugin filemanager (category:base,tabindex:10)
2023-08-14 18:12:05,529 [INFO] PluginManage:310 - Check plugin ipmanager
2023-08-14 18:12:05,540 [INFO] PluginManage:359 - Loaded plugin ipmanager (category:base,tabindex:5)
2023-08-14 18:12:05,540 [INFO] PluginManage:310 - Check plugin lpbam
2023-08-14 18:12:05,554 [INFO] PluginManage:359 - Loaded plugin lpbam (category:base,tabindex:0)
2023-08-14 18:12:05,555 [INFO] PluginManage:310 - Check plugin memorymap
2023-08-14 18:12:05,583 [INFO] PluginManage:359 - Loaded plugin memorymap (category:base,tabindex:4)
2023-08-14 18:12:05,583 [INFO] PluginManage:310 - Check plugin pinoutandconfiguration
2023-08-14 18:12:05,593 [INFO] PluginManage:359 - Loaded plugin pinoutandconfiguration (category:base,tabindex:1)
2023-08-14 18:12:05,593 [INFO] PluginManage:310 - Check plugin pinoutconfig
2023-08-14 18:12:05,710 [WARN] SupportedApi:132 - Cannot load RTOS API schema: s4s-elt-must-match.1: The content of 'definitions' must match (annotation?, (simpleType | complexType)?, (unique | key | keyref)*)). A problem was found starting at: attribute.
2023-08-14 18:12:06,020 [INFO] PluginManage:359 - Loaded plugin pinoutconfig (category:base,tabindex:0)
2023-08-14 18:12:06,021 [INFO] PluginManage:310 - Check plugin power
2023-08-14 18:12:06,031 [INFO] PluginManage:359 - Loaded plugin power (category:power,tabindex:4)
2023-08-14 18:12:06,032 [INFO] PluginManage:310 - Check plugin projectmanager
2023-08-14 18:12:06,055 [INFO] PluginManage:359 - Loaded plugin projectmanager (category:projectmanager,tabindex:3)
2023-08-14 18:12:06,056 [INFO] PluginManage:310 - Check plugin thirdparty
2023-08-14 18:12:06,348 [INFO] PluginManage:359 - Loaded plugin thirdparty (category:base,tabindex:-1)
2023-08-14 18:12:06,348 [WARN] IntegrityCheckThread:84 - waiting for thirdparty lock release [integrity check]
2023-08-14 18:12:06,349 [INFO] PluginManage:310 - Check plugin tools
2023-08-14 18:12:06,349 [INFO] IntegrityCheckThread:86 - entering critical section [integrity check]
2023-08-14 18:12:06,351 [INFO] ThirdPartyUpdaterWithRetryManager:70 - Updater plugin not ready yet. [1/15]
2023-08-14 18:12:06,358 [INFO] PluginManage:359 - Loaded plugin tools (category:base,tabindex:7)
2023-08-14 18:12:06,360 [INFO] PluginManage:310 - Check plugin tutovideos
2023-08-14 18:12:06,662 [INFO] PluginManage:359 - Loaded plugin tutovideos (category:base,tabindex:-1)
2023-08-14 18:12:06,663 [INFO] PluginManage:310 - Check plugin updater
2023-08-14 18:12:06,681 [INFO] PluginManage:359 - Loaded plugin updater (category:base,tabindex:12)
2023-08-14 18:12:06,681 [INFO] PluginManage:310 - Check plugin userauth
2023-08-14 18:12:06,690 [INFO] UserAuth:113 - Init User Auth plugin
2023-08-14 18:12:06,690 [INFO] PluginManage:359 - Loaded plugin userauth (category:base,tabindex:14)
2023-08-14 18:12:06,691 [INFO] PluginManage:283 - PluginManage : Loaded plugins [17]
2023-08-14 18:12:07,012 [INFO] PinOutPanel:1499 - setPackage(No Configuration,No Configuration)
2023-08-14 18:12:07,159 [INFO] CADModel:165 - CPN selected for project level
2023-08-14 18:12:07,160 [INFO] CADModel:114 - Register for checkConnection events
2023-08-14 18:12:07,180 [INFO] IPUIPlugin:80 - create IPUIPlugin
2023-08-14 18:12:07,180 [INFO] PluginManager:220 - loadIPPluginJar : add adc
2023-08-14 18:12:07,184 [INFO] IPUIPlugin:80 - create IPUIPlugin
2023-08-14 18:12:07,184 [INFO] PluginManager:220 - loadIPPluginJar : add aes
2023-08-14 18:12:07,187 [INFO] IPUIPlugin:80 - create IPUIPlugin
2023-08-14 18:12:07,187 [INFO] PluginManager:220 - loadIPPluginJar : add can
2023-08-14 18:12:07,189 [INFO] IPUIPlugin:80 - create IPUIPlugin
2023-08-14 18:12:07,190 [INFO] PluginManager:220 - loadIPPluginJar : add comp
2023-08-14 18:12:07,192 [INFO] IPUIPlugin:80 - create IPUIPlugin
2023-08-14 18:12:07,192 [INFO] PluginManager:220 - loadIPPluginJar : add cryp
2023-08-14 18:12:07,195 [INFO] IPUIPlugin:80 - create IPUIPlugin
2023-08-14 18:12:07,195 [INFO] PluginManager:220 - loadIPPluginJar : add dfsdm
2023-08-14 18:12:07,201 [INFO] IPUIPlugin:80 - create IPUIPlugin
2023-08-14 18:12:07,202 [INFO] PluginManager:220 - loadIPPluginJar : add dma
2023-08-14 18:12:07,205 [INFO] IPUIPlugin:80 - create IPUIPlugin
2023-08-14 18:12:07,205 [INFO] PluginManager:220 - loadIPPluginJar : add dma3
2023-08-14 18:12:07,207 [INFO] IPUIPlugin:80 - create IPUIPlugin
2023-08-14 18:12:07,207 [INFO] PluginManager:220 - loadIPPluginJar : add fatfs
2023-08-14 18:12:07,213 [INFO] IPUIPlugin:80 - create IPUIPlugin
2023-08-14 18:12:07,213 [INFO] PluginManager:220 - loadIPPluginJar : add fmc
2023-08-14 18:12:07,221 [INFO] IPUIPlugin:80 - create IPUIPlugin
2023-08-14 18:12:07,221 [INFO] PluginManager:220 - loadIPPluginJar : add freertos
2023-08-14 18:12:07,223 [INFO] IPUIPlugin:80 - create IPUIPlugin
2023-08-14 18:12:07,223 [INFO] PluginManager:220 - loadIPPluginJar : add genericplugin
2023-08-14 18:12:07,226 [INFO] IPUIPlugin:80 - create IPUIPlugin
2023-08-14 18:12:07,226 [INFO] PluginManager:220 - loadIPPluginJar : add gfxmmu
2023-08-14 18:12:07,232 [INFO] IPUIPlugin:80 - create IPUIPlugin
2023-08-14 18:12:07,233 [INFO] PluginManager:220 - loadIPPluginJar : add gic
2023-08-14 18:12:07,240 [INFO] IPUIPlugin:80 - create IPUIPlugin
2023-08-14 18:12:07,241 [INFO] PluginManager:220 - loadIPPluginJar : add gpio
2023-08-14 18:12:07,247 [INFO] IPUIPlugin:80 - create IPUIPlugin
2023-08-14 18:12:07,247 [INFO] PluginManager:220 - loadIPPluginJar : add gtzc
2023-08-14 18:12:07,251 [INFO] IPUIPlugin:80 - create IPUIPlugin
2023-08-14 18:12:07,251 [INFO] PluginManager:220 - loadIPPluginJar : add hash
2023-08-14 18:12:07,255 [INFO] IPUIPlugin:80 - create IPUIPlugin
2023-08-14 18:12:07,255 [INFO] PluginManager:220 - loadIPPluginJar : add i2c
2023-08-14 18:12:07,259 [INFO] IPUIPlugin:80 - create IPUIPlugin
2023-08-14 18:12:07,259 [INFO] PluginManager:220 - loadIPPluginJar : add i2s
2023-08-14 18:12:07,262 [INFO] IPUIPlugin:80 - create IPUIPlugin
2023-08-14 18:12:07,262 [INFO] PluginManager:220 - loadIPPluginJar : add i3c
2023-08-14 18:12:07,266 [INFO] IPUIPlugin:80 - create IPUIPlugin
2023-08-14 18:12:07,267 [INFO] PluginManager:220 - loadIPPluginJar : add ipddr
2023-08-14 18:12:07,276 [INFO] IPUIPlugin:80 - create IPUIPlugin
2023-08-14 18:12:07,276 [INFO] PluginManager:220 - loadIPPluginJar : add linkedlist
2023-08-14 18:12:07,279 [INFO] IPUIPlugin:80 - create IPUIPlugin
2023-08-14 18:12:07,279 [INFO] PluginManager:220 - loadIPPluginJar : add lorawan
2023-08-14 18:12:07,281 [INFO] IPUIPlugin:80 - create IPUIPlugin
2023-08-14 18:12:07,282 [INFO] PluginManager:220 - loadIPPluginJar : add ltdc
2023-08-14 18:12:07,290 [INFO] IPUIPlugin:80 - create IPUIPlugin
2023-08-14 18:12:07,291 [INFO] PluginManager:220 - loadIPPluginJar : add mdma
2023-08-14 18:12:07,295 [INFO] IPUIPlugin:80 - create IPUIPlugin
2023-08-14 18:12:07,296 [INFO] PluginManager:220 - loadIPPluginJar : add nvic
2023-08-14 18:12:07,301 [INFO] IPUIPlugin:80 - create IPUIPlugin
2023-08-14 18:12:07,301 [INFO] PluginManager:220 - loadIPPluginJar : add opamp
2023-08-14 18:12:07,307 [INFO] IPUIPlugin:80 - create IPUIPlugin
2023-08-14 18:12:07,307 [INFO] PluginManager:220 - loadIPPluginJar : add openamp
2023-08-14 18:12:07,310 [INFO] IPUIPlugin:80 - create IPUIPlugin
2023-08-14 18:12:07,311 [INFO] PluginManager:220 - loadIPPluginJar : add pdm2pcm
2023-08-14 18:12:07,320 [INFO] IPUIPlugin:80 - create IPUIPlugin
2023-08-14 18:12:07,324 [INFO] PluginManager:220 - loadIPPluginJar : add plateformsettings
2023-08-14 18:12:07,326 [INFO] IPUIPlugin:80 - create IPUIPlugin
2023-08-14 18:12:07,326 [INFO] PluginManager:220 - loadIPPluginJar : add quadspi
2023-08-14 18:12:07,331 [INFO] IPUIPlugin:80 - create IPUIPlugin
2023-08-14 18:12:07,331 [INFO] PluginManager:220 - loadIPPluginJar : add resmgrutility
2023-08-14 18:12:07,335 [INFO] IPUIPlugin:80 - create IPUIPlugin
2023-08-14 18:12:07,335 [INFO] PluginManager:220 - loadIPPluginJar : add sai
2023-08-14 18:12:07,338 [INFO] IPUIPlugin:80 - create IPUIPlugin
2023-08-14 18:12:07,339 [INFO] PluginManager:220 - loadIPPluginJar : add spi
2023-08-14 18:12:07,346 [INFO] IPUIPlugin:80 - create IPUIPlugin
2023-08-14 18:12:07,346 [INFO] PluginManager:220 - loadIPPluginJar : add stm32_wpan
2023-08-14 18:12:07,348 [INFO] IPUIPlugin:80 - create IPUIPlugin
2023-08-14 18:12:07,348 [INFO] PluginManager:220 - loadIPPluginJar : add tim
2023-08-14 18:12:07,354 [INFO] IPUIPlugin:80 - create IPUIPlugin
2023-08-14 18:12:07,354 [INFO] PluginManager:220 - loadIPPluginJar : add touchsensing
2023-08-14 18:12:07,357 [INFO] IPUIPlugin:80 - create IPUIPlugin
2023-08-14 18:12:07,358 [INFO] PluginManager:220 - loadIPPluginJar : add tracer_emb
2023-08-14 18:12:07,360 [INFO] IPUIPlugin:80 - create IPUIPlugin
2023-08-14 18:12:07,360 [INFO] PluginManager:220 - loadIPPluginJar : add ts
2023-08-14 18:12:07,363 [INFO] IPUIPlugin:80 - create IPUIPlugin
2023-08-14 18:12:07,363 [INFO] PluginManager:220 - loadIPPluginJar : add tsc
2023-08-14 18:12:07,366 [INFO] IPUIPlugin:80 - create IPUIPlugin
2023-08-14 18:12:07,366 [INFO] PluginManager:220 - loadIPPluginJar : add ucpd
2023-08-14 18:12:07,370 [INFO] IPUIPlugin:80 - create IPUIPlugin
2023-08-14 18:12:07,370 [INFO] PluginManager:220 - loadIPPluginJar : add usart
2023-08-14 18:12:07,374 [INFO] IPUIPlugin:80 - create IPUIPlugin
2023-08-14 18:12:07,374 [INFO] PluginManager:220 - loadIPPluginJar : add usbx
2023-08-14 18:12:07,529 [INFO] CADModel:165 - CPN selected for project level
2023-08-14 18:12:07,530 [INFO] CADModel:114 - Register for checkConnection events
2023-08-14 18:12:07,530 [FATAL] Updater:308 - Updater called before beeing initialized
2023-08-14 18:12:07,531 [ERROR] CADModel:125 - Updater not yet initialized, retry later 
2023-08-14 18:12:07,804 [INFO] CADModel:165 - CPN selected for project level
2023-08-14 18:12:07,804 [INFO] CADModel:114 - Register for checkConnection events
2023-08-14 18:12:07,805 [FATAL] Updater:308 - Updater called before beeing initialized
2023-08-14 18:12:07,805 [ERROR] CADModel:125 - Updater not yet initialized, retry later 
2023-08-14 18:12:07,809 [FATAL] Updater:308 - Updater called before beeing initialized
2023-08-14 18:12:07,967 [FATAL] Updater:308 - Updater called before beeing initialized
2023-08-14 18:12:07,976 [INFO] DbMcusAds:53 - JSON generation date=Tue Mar 07 08:50:55 GMT 2023 (1678179055114)
2023-08-14 18:12:07,976 [FATAL] Updater:308 - Updater called before beeing initialized
2023-08-14 18:12:08,023 [WARN] DetailPanel:346 - Failed to get advertising image, set to default
2023-08-14 18:12:08,140 [FATAL] Updater:308 - Updater called before beeing initialized
2023-08-14 18:12:08,141 [FATAL] Updater:308 - Updater called before beeing initialized
2023-08-14 18:12:08,141 [FATAL] Updater:308 - Updater called before beeing initialized
2023-08-14 18:12:08,141 [WARN] DetailPanel:346 - Failed to get advertising image, set to default
2023-08-14 18:12:08,142 [FATAL] Updater:308 - Updater called before beeing initialized
2023-08-14 18:12:08,215 [ERROR] Updater:1120 - MainUpdater not yet initialized. External WinMGr cannot be set.
2023-08-14 18:12:08,218 [INFO] Updater:1056 - Updater Version found : 6.9.1
2023-08-14 18:12:08,240 [INFO] ApplicationProperties:184 - Using Application install path: C:\ST\STM32CubeIDE_1.12.0\STM32CubeIDE\plugins\com.st.stm32cube.common.mx_6.9.1.202307191849
2023-08-14 18:12:08,453 [INFO] MainUpdater:2868 - connection check result : 10
2023-08-14 18:12:08,455 [INFO] MainUpdater:285 - Updater Check For Update Now.
2023-08-14 18:12:08,455 [INFO] MicroXplorer:498 - Change Database Version : DB.6.0.91
2023-08-14 18:12:08,464 [INFO] McuFinderGlobals:63 - Set McuFinder mode to 2 (CubeIDE integrated)
2023-08-14 18:12:08,464 [INFO] UserAuth:179 - activating auth plugin
2023-08-14 18:12:08,468 [INFO] UserAuth:393 - Internet connection configuration mode: 1
2023-08-14 18:12:08,508 [INFO] JxBrowserEngine:151 - Initiate JxBrowser Engine with user profile folder
2023-08-14 18:12:08,657 [INFO] CheckServerUpdateThread:120 - End of CheckServer Thread
2023-08-14 18:12:09,643 [INFO] WebApp:157 - Instantiating new browser for Auth
2023-08-14 18:12:09,678 [WARN] PackLoader:240 - Cannot read IP mode file for STMicroelectronics.X-CUBE-SMBUS.2.1.0
2023-08-14 18:12:09,756 [WARN] PackLoader:240 - Cannot read IP mode file for STMicroelectronics.X-CUBE-AZRTOS-F7.1.1.0
2023-08-14 18:12:09,778 [ERROR] RealEvaluatedCondition:428 - Found unsupported composite condition: GROUP='STM32_MetaDataManager' CLASS='Data Exchange'
2023-08-14 18:12:09,779 [ERROR] RealEvaluatedCondition:428 - Found unsupported composite condition: GROUP='STM32_MetaDataManager' CLASS='Data Exchange'
2023-08-14 18:12:09,785 [WARN] PackLoader:240 - Cannot read IP mode file for STMicroelectronics.FP-SNS-MOTENV1.4.3.0
2023-08-14 18:12:09,801 [WARN] PackLoader:240 - Cannot read IP mode file for STMicroelectronics.FP-SNS-MOTENV1.4.3.2
2023-08-14 18:12:09,814 [WARN] PackLoader:240 - Cannot read IP mode file for STMicroelectronics.FP-SNS-FLIGHT1.5.0.0
2023-08-14 18:12:09,823 [ERROR] RealEvaluatedCondition:428 - Found unsupported composite condition: GROUP='STM32_MetaDataManager' CLASS='Data Exchange'
2023-08-14 18:12:09,823 [ERROR] RealEvaluatedCondition:428 - Found unsupported composite condition: CLASS='Data Exchange' GROUP='STM32_MetaDataManager'
2023-08-14 18:12:09,828 [WARN] PackLoader:240 - Cannot read IP mode file for STMicroelectronics.FP-SNS-MOTENV1.4.3.1
2023-08-14 18:12:09,839 [WARN] PackLoader:240 - Cannot read IP mode file for STMicroelectronics.FP-SNS-FLIGHT1.5.0.1
2023-08-14 18:12:09,860 [WARN] PackLoader:240 - Cannot read IP mode file for STMicroelectronics.X-CUBE-BLE1.6.2.4
2023-08-14 18:12:09,871 [WARN] PackLoader:240 - Cannot read IP mode file for STMicroelectronics.FP-SNS-FLIGHT1.5.0.2
2023-08-14 18:12:09,889 [WARN] PackLoader:240 - Cannot read IP mode file for STMicroelectronics.X-CUBE-DISPLAY.3.0.0
2023-08-14 18:12:09,909 [WARN] PackLoader:240 - Cannot read IP mode file for STMicroelectronics.X-CUBE-BLE1.7.0.0
2023-08-14 18:12:09,925 [WARN] PackLoader:240 - Cannot read IP mode file for STMicroelectronics.X-CUBE-TOUCHGFX.4.22.0
2023-08-14 18:12:09,945 [INFO] LogOutputStream:77 - [STDOUT_REDIRECT] 1 : Invalid condition id : UX_CORESTACK_Condition cause : null
2023-08-14 18:12:09,946 [INFO] LogOutputStream:77 - [STDOUT_REDIRECT] 1 : Invalid condition id : UX_CORESTACK_Condition cause : null
2023-08-14 18:12:09,948 [INFO] LogOutputStream:77 - [STDOUT_REDIRECT] 1 : Invalid condition id : UX_CORESTACK_Condition cause : null
2023-08-14 18:12:09,951 [INFO] LogOutputStream:77 - [STDOUT_REDIRECT] 1 : Invalid condition id : UX_CORESTACK_Condition cause : null
2023-08-14 18:12:09,954 [INFO] LogOutputStream:77 - [STDOUT_REDIRECT] 1 : Invalid condition id : UX_CORESTACK_Condition cause : null
2023-08-14 18:12:09,963 [WARN] PackLoader:240 - Cannot read IP mode file for STMicroelectronics.X-CUBE-AZRTOS-WL.2.0.0
2023-08-14 18:12:09,983 [WARN] PackLoader:240 - Cannot read IP mode file for WES.I-CUBE-Cesium.1.3.0
2023-08-14 18:12:09,996 [WARN] PackLoader:240 - Cannot read IP mode file for STMicroelectronics.X-CUBE-BLE2.3.3.0
2023-08-14 18:12:10,003 [WARN] PackLoader:240 - Cannot read IP mode file for STMicroelectronics.X-CUBE-TOUCHGFX.4.21.4
2023-08-14 18:12:10,016 [WARN] PackLoader:240 - Cannot read IP mode file for STMicroelectronics.X-CUBE-ALGOBUILD.1.3.0
2023-08-14 18:12:10,053 [WARN] PackLoader:240 - Cannot read IP mode file for STMicroelectronics.X-CUBE-AZRTOS-G0.1.1.0
2023-08-14 18:12:10,067 [WARN] PackLoader:240 - Cannot read IP mode file for STMicroelectronics.X-CUBE-NFC4.3.0.0
2023-08-14 18:12:10,076 [WARN] PackLoader:240 - Cannot read IP mode file for STMicroelectronics.FP-ATR-SIGFOX1.3.2.0
2023-08-14 18:12:10,148 [WARN] PackLoader:240 - Cannot read IP mode file for SEGGER.I-CUBE-embOS.1.3.1
2023-08-14 18:12:10,479 [WARN] PackLoader:240 - Cannot read IP mode file for STMicroelectronics.X-CUBE-GNSS1.6.0.0
2023-08-14 18:12:10,504 [WARN] PackLoader:240 - Cannot read IP mode file for STMicroelectronics.X-CUBE-AZRTOS-F4.1.1.0
2023-08-14 18:12:10,514 [WARN] PackLoader:240 - Cannot read IP mode file for wolfSSL.I-CUBE-wolfSSL.5.6.0
2023-08-14 18:12:10,538 [WARN] PackLoader:240 - Cannot read IP mode file for STMicroelectronics.X-CUBE-AZRTOS-L5.2.0.0
2023-08-14 18:12:10,623 [WARN] PackLoader:240 - Cannot read IP mode file for STMicroelectronics.X-CUBE-MEMS1.9.6.0
2023-08-14 18:12:10,891 [WARN] PackLoader:240 - Cannot read IP mode file for emotas.I-CUBE-CANOPEN.1.1.3
2023-08-14 18:12:10,903 [WARN] PackLoader:240 - Cannot read IP mode file for STMicroelectronics.X-CUBE-BLEMGR.2.0.0
2023-08-14 18:12:10,932 [WARN] ConditionMgr:438 - getConditionDescription Invalid condition id : UX DEVICE CLASS RTOS Condition cause : null
2023-08-14 18:12:10,932 [WARN] ConditionMgr:438 - getConditionDescription Invalid condition id : UX DEVICE CLASS RTOS Condition cause : null
2023-08-14 18:12:10,937 [WARN] PackLoader:240 - Cannot read IP mode file for STMicroelectronics.X-CUBE-AZRTOS-H7.3.1.0
2023-08-14 18:12:10,939 [WARN] ConditionMgr:1039 - genDependencies : Invalid condition id : UX DEVICE CLASS RTOS Condition cause : null
2023-08-14 18:12:10,939 [WARN] ConditionMgr:1039 - genDependencies : Invalid condition id : UX DEVICE CLASS RTOS Condition cause : null
2023-08-14 18:12:10,940 [WARN] ConditionMgr:1039 - genDependencies : Invalid condition id : UX DEVICE CLASS RTOS Condition cause : null
2023-08-14 18:12:10,940 [WARN] ConditionMgr:1039 - genDependencies : Invalid condition id : UX DEVICE CLASS RTOS Condition cause : null
2023-08-14 18:12:10,940 [WARN] ConditionMgr:1039 - genDependencies : Invalid condition id : UX DEVICE CLASS RTOS Condition cause : null
2023-08-14 18:12:10,949 [WARN] PackLoader:240 - Cannot read IP mode file for STMicroelectronics.X-CUBE-NFC7.1.0.1
2023-08-14 18:12:10,957 [WARN] PackLoader:240 - Cannot read IP mode file for STMicroelectronics.X-CUBE-NFC7.1.0.0
2023-08-14 18:12:10,965 [WARN] PackLoader:240 - Cannot read IP mode file for STMicroelectronics.X-CUBE-EEPRMA1.4.1.0
2023-08-14 18:12:11,028 [WARN] PackLoader:240 - Cannot read IP mode file for STMicroelectronics.X-CUBE-AI.8.1.0
2023-08-14 18:12:11,056 [WARN] ConditionMgr:438 - getConditionDescription Invalid condition id : LAN8742 Phy interface Condition cause : null
2023-08-14 18:12:11,058 [WARN] PackLoader:240 - Cannot read IP mode file for STMicroelectronics.X-CUBE-AZRTOS-L4.2.0.0
2023-08-14 18:12:11,059 [WARN] ConditionMgr:1039 - genDependencies : Invalid condition id : LAN8742 Phy interface Condition cause : null
2023-08-14 18:12:11,060 [WARN] ConditionMgr:1039 - genDependencies : Invalid condition id : LAN8742 Phy interface Condition cause : null
2023-08-14 18:12:11,060 [WARN] ConditionMgr:1039 - genDependencies : Invalid condition id : LAN8742 Phy interface Condition cause : null
2023-08-14 18:12:11,072 [WARN] PackLoader:240 - Cannot read IP mode file for STMicroelectronics.X-CUBE-SFXS2LP1.4.0.0
2023-08-14 18:12:11,081 [WARN] PackLoader:240 - Cannot read IP mode file for STMicroelectronics.X-CUBE-ISPU.1.1.0
2023-08-14 18:12:11,112 [WARN] ConditionMgr:438 - getConditionDescription Invalid condition id : UX DEVICE CLASS RTOS Condition cause : null
2023-08-14 18:12:11,113 [WARN] ConditionMgr:438 - getConditionDescription Invalid condition id : UX DEVICE CLASS RTOS Condition cause : null
2023-08-14 18:12:11,118 [WARN] PackLoader:240 - Cannot read IP mode file for STMicroelectronics.X-CUBE-AZRTOS-WB.2.0.0
2023-08-14 18:12:11,120 [WARN] ConditionMgr:1039 - genDependencies : Invalid condition id : UX DEVICE CLASS RTOS Condition cause : null
2023-08-14 18:12:11,120 [WARN] ConditionMgr:1039 - genDependencies : Invalid condition id : UX DEVICE CLASS RTOS Condition cause : null
2023-08-14 18:12:11,121 [WARN] ConditionMgr:1039 - genDependencies : Invalid condition id : UX DEVICE CLASS RTOS Condition cause : null
2023-08-14 18:12:11,122 [WARN] ConditionMgr:1039 - genDependencies : Invalid condition id : UX DEVICE CLASS RTOS Condition cause : null
2023-08-14 18:12:11,122 [WARN] ConditionMgr:1039 - genDependencies : Invalid condition id : UX DEVICE CLASS RTOS Condition cause : null
2023-08-14 18:12:11,132 [WARN] PackLoader:240 - Cannot read IP mode file for STMicroelectronics.X-CUBE-FREERTOS.1.0.1
2023-08-14 18:12:11,157 [WARN] PackLoader:240 - Cannot read IP mode file for STMicroelectronics.X-CUBE-AZRTOS-L5.1.1.0
2023-08-14 18:12:11,166 [WARN] PackLoader:240 - Cannot read IP mode file for STMicroelectronics.X-CUBE-AI.8.0.1
2023-08-14 18:12:11,184 [WARN] PackLoader:240 - Cannot read IP mode file for STMicroelectronics.X-CUBE-SUBG2.5.0.0
2023-08-14 18:12:11,210 [WARN] PackLoader:240 - Cannot read IP mode file for STMicroelectronics.X-CUBE-TOF1.3.3.1
2023-08-14 18:12:11,220 [INFO] WebApp:753 - Register for checkConnection events
2023-08-14 18:12:11,221 [INFO] WebApp:390 - Apply proxy settings
2023-08-14 18:12:11,221 [INFO] WebApp:475 - Chromium requires no authentication
2023-08-14 18:12:11,237 [WARN] PackLoader:240 - Cannot read IP mode file for STMicroelectronics.X-CUBE-AZRTOS-G4.2.0.0
2023-08-14 18:12:11,243 [INFO] WebApp:418 - Direct internet connection detected
2023-08-14 18:12:11,248 [WARN] PackLoader:240 - Cannot read IP mode file for STMicroelectronics.X-CUBE-TOF1.3.3.0
2023-08-14 18:12:11,278 [WARN] PackLoader:240 - Cannot read IP mode file for STMicroelectronics.X-CUBE-AZRTOS-L4.1.0.0
2023-08-14 18:12:11,294 [WARN] PackLoader:240 - Cannot read IP mode file for STMicroelectronics.X-CUBE-AZRTOS-WL.1.0.0
2023-08-14 18:12:11,303 [WARN] PackLoader:240 - Cannot read IP mode file for portGmbH.I-Cube-SoM-uGOAL.1.1.0
2023-08-14 18:12:11,310 [WARN] PackLoader:240 - Cannot read IP mode file for STMicroelectronics.X-CUBE-ALS.1.0.1
2023-08-14 18:12:11,330 [WARN] PackLoader:240 - Cannot read IP mode file for STMicroelectronics.X-CUBE-AZRTOS-WB.1.1.0
2023-08-14 18:12:11,340 [WARN] PackLoader:240 - Cannot read IP mode file for STMicroelectronics.FP-ATR-ASTRA1.2.0.0
2023-08-14 18:12:11,342 [INFO] ThirdParty:978 - Integrity check success = true
2023-08-14 18:12:11,343 [INFO] IntegrityCheckThread:100 - exiting critical section [integrity check]
2023-08-14 18:12:11,343 [INFO] IntegrityCheckThread:103 - End integrity checks thread
2023-08-14 18:12:11,637 [INFO] WebApp:188 - Starting web application
2023-08-14 18:12:11,637 [INFO] WebApp:520 - Web application path used C:\ST\STM32CubeIDE_1.12.0\STM32CubeIDE\plugins\com.st.stm32cube.common.mx_6.9.1.202307191849\db\plugins\mcufinder\reactClient1\index.html
2023-08-14 18:12:32,887 [ERROR] LogOutputStream:75 - [STDERR_REDIRECT] SLF4J: Failed to load class "org.slf4j.impl.StaticLoggerBinder".
2023-08-14 18:12:32,888 [ERROR] LogOutputStream:75 - [STDERR_REDIRECT] SLF4J: Defaulting to no-operation (NOP) logger implementation
2023-08-14 18:12:32,891 [ERROR] LogOutputStream:75 - [STDERR_REDIRECT] SLF4J: See http://www.slf4j.org/codes.html#StaticLoggerBinder for further details.
2023-08-14 18:13:10,256 [INFO] McuFinderGlobals:63 - Set McuFinder mode to 2 (CubeIDE integrated)
2023-08-14 18:13:10,284 [INFO] MainUpdater:2868 - connection check result : 10
2023-08-14 18:13:10,309 [INFO] McuFinderGlobals:76 - Set McuFinderConnectedMode to true
2023-08-14 18:13:10,555 [INFO] ServerAccessManage:473 - Download File mcusAds.json._tmp_
2023-08-14 18:13:10,689 [INFO] LoadUrlFilesThread:156 - End of LoadUrlFiles Thread
2023-08-14 18:13:10,845 [INFO] ServerAccessManage:473 - Download File cube-finder-db.zip
2023-08-14 18:13:11,900 [ERROR] ServerAccessManage:651 - User Cancel Download : cube-finder-db.zip.
2023-08-14 18:13:12,003 [INFO] LoadUrlFilesThread:156 - End of LoadUrlFiles Thread
2023-08-14 18:13:13,067 [INFO] DbMcusAds:53 - JSON generation date=Tue Mar 07 08:50:55 GMT 2023 (1678179055114)
2023-08-14 18:13:13,097 [ERROR] TargetSelectorAdapter:267 - Unable to refresh data
2023-08-14 18:13:13,877 [INFO] ApiDb:581 - Connected to CubeFinder SQLite database (C:\Users\Afshin\.stmcufinder\plugins\mcufinder\mcu\cube-finder-db.db)
2023-08-14 18:13:13,998 [INFO] ApiDb:668 - CubeFinder database Data Model version=2.1
2023-08-14 18:13:13,998 [INFO] ApiDb:669 - CubeFinder database Configuration version=3.0.37
2023-08-14 18:13:13,999 [INFO] ApiDb:670 - CubeFinder database generation date=2023-06-26 (1687786131)
2023-08-14 18:13:13,999 [INFO] ApiDb:671 - CubeFinder database FW Pack versions=[FP-ATR-ASTRA1_V2.0.0, FP-SNS-FLIGHT1_V5.0.1, FP-SNS-MOTENV1_V4.3.1, STM32Cube_FW_C0_V1.1.0, STM32Cube_FW_F4_V1.27.1, STM32Cube_FW_F7_V1.17.0, STM32Cube_FW_G0_V1.6.1, STM32Cube_FW_G4_V1.5.1, STM32Cube_FW_H5_V0.5.1, STM32Cube_FW_H5_V1.1.0, STM32Cube_FW_H7_V1.11.0, STM32Cube_FW_L0_V1.12.2, STM32Cube_FW_L5_V1.5.0, STM32Cube_FW_U5_V1.3.0, STM32Cube_FW_U5_V1.3.0RC4, STM32Cube_FW_WBA_V1.0.0RC1, STM32Cube_FW_WBA_V1.1.0, STM32Cube_FW_WBA_V1.1.0RC1, STM32Cube_FW_WB_V1.15.0RC1, STM32Cube_FW_WB_V1.16.0, STM32Cube_FW_WB_V1.16.0RC2, STM32Cube_FW_WB_V1.17.0, STM32Cube_FW_WL_V1.3.0, X-CUBE-ALGOBUILD_V1.3.0, X-CUBE-ALS_V1.0.1, X-CUBE-AZRTOS-F4_V1.1.0, X-CUBE-AZRTOS-F7_V1.1.0, X-CUBE-AZRTOS-G0_V1.1.0, X-CUBE-AZRTOS-G4_V2.0.0, X-CUBE-AZRTOS-H7_V3.1.0, X-CUBE-AZRTOS-L4_V1.0.0, X-CUBE-AZRTOS-L4_V2.0.0, X-CUBE-AZRTOS-L5_V1.1.0, X-CUBE-AZRTOS-WB_V1.1.0, X-CUBE-AZRTOS-WL_V2.0.0, X-CUBE-BLE1_V6.2.4, X-CUBE-BLE2_V3.3.0, X-CUBE-BLEMGR_V2.0.0, X-CUBE-EEPRMA1_V4.1.0, X-CUBE-FREERTOS_V1.0.1, X-CUBE-GNSS1_V6.0.0, X-CUBE-MEMS1_V9.1.0, X-CUBE-MEMS1_V9.4.0, X-CUBE-MEMS1_V9.6.0, X-CUBE-NFC4_V3.0.0, X-CUBE-NFC7_V1.0.0, X-CUBE-SFXS2LP1_V4.0.0, X-CUBE-SUBG2_V5.0.0]
2023-08-14 18:13:14,165 [INFO] DbBoardsSqlite:226 - include board P-NUCLEO-WB55-NUCLEO as a kit item of type 'Nucleo-64'
2023-08-14 18:13:14,165 [INFO] DbBoardsSqlite:226 - include board P-NUCLEO-WB55-USBDONGLE as a kit item of type 'Nucleo USB Dongle'
2023-08-14 18:13:14,166 [INFO] DbBoardsSqlite:226 - include board STEVAL-IDP005V1 as a kit item of type 'Evaluation Board'
2023-08-14 18:13:14,167 [INFO] DbBoardsSqlite:226 - include board STEVAL-IDP005V2 as a kit item of type 'Evaluation Board'
2023-08-14 18:13:14,539 [INFO] ApiDb:240 - Found 323 in-development CPN: [B-G473E-ZEST1S, B-WB1M-WPAN1, B-WL5M-SUBG1, NUCLEO-C031C6, NUCLEO-H503RB, NUCLEO-H563ZI, NUCLEO-U545RE-Q, NUCLEO-U5A5ZJ-Q, NUCLEO-WBA52CG, STEVAL-PROTEUS1, STEVAL-SMARTAG2, STEVAL-STWINBX1, STM320518-EVAL, STM32C0116-DK, STM32C011D6Y3TR, STM32C011D6Y6TR, STM32C011F4P3, STM32C011F4P6, STM32C011F4U3, STM32C011F4U6TR, STM32C011F6P3, STM32C011F6P6, STM32C011F6U3, STM32C011F6U6TR, STM32C011J4M3, STM32C011J4M6, STM32C011J6M3, STM32C011J6M6, STM32C0316-DK, STM32C031C4T3, STM32C031C4T6, STM32C031C4U3, STM32C031C4U6, STM32C031C6T3, STM32C031C6T6, STM32C031C6U3, STM32C031C6U6, STM32C031F4P3, STM32C031F4P6, STM32C031F6P3, STM32C031F6P6, STM32C031G4U3, STM32C031G4U6, STM32C031G6U3, STM32C031G6U6, STM32C031K4T3, STM32C031K4T6, STM32C031K4U3, STM32C031K4U6, STM32C031K6T3, STM32C031K6T6, STM32C031K6U3, STM32C031K6U6, STM32G071K8TXN, STM32G071K8UXN, STM32G081GBU6N, STM32G081KBT6N, STM32G081KBUXN, STM32G0B1CCT6N, STM32G0B1KCT6, STM32G0B1NEY6TR, STM32G0B1RCT6N, STM32G0C1CCT6, STM32G0C1CCT6N, STM32G0C1CCU6N, STM32G0C1CET6N, STM32G0C1CEU6N, STM32G0C1KCT6, STM32G0C1NEY6TR, STM32G0C1RCI6N, STM32G0C1RCT6N, STM32G0C1REI6N, STM32G0C1RET6N, STM32G0C1VCI6, STM32G0C1VEI6, STM32G471CCT6, STM32G471CCU6, STM32G471CET3, STM32G471CET6, STM32G471CEU3, STM32G471CEU6, STM32G471MCT6, STM32G471MET3, STM32G471MET6, STM32G471MEY6TR, STM32G471QCT6, STM32G471QET3, STM32G471RCT6, STM32G471RET3, STM32G471RET6, STM32G471VCH6, STM32G471VCI6, STM32G471VCT6, STM32G471VEH3, STM32G471VEH6, STM32G471VEI3, STM32G471VEI6, STM32G471VET3, STM32G471VET6, STM32G474CCT6, STM32H503CBT6, STM32H503CBU6, STM32H503EBY6TR, STM32H503KBU6, STM32H503RBT6, STM32H562AGI6, STM32H562AII6, STM32H562IGK6, STM32H562IGT6, STM32H562IIK6, STM32H562IIT6, STM32H562RGT6, STM32H562RGV6, STM32H562RIT6, STM32H562RIV6, STM32H562VGT6, STM32H562VIT6, STM32H562ZGT6, STM32H562ZIT6, STM32H563AGI6, STM32H563AII3Q, STM32H563AII6, STM32H563IGK6, STM32H563IGT6, STM32H563IIK3Q, STM32H563IIK6, STM32H563IIT3Q, STM32H563IIT6, STM32H563MIY3QTR, STM32H563RGT6, STM32H563RGV6, STM32H563RIT6, STM32H563RIV6, STM32H563VGT6, STM32H563VIT3Q, STM32H563VIT6, STM32H563ZGT6, STM32H563ZIT3Q, STM32H563ZIT6, STM32H573AII3Q, STM32H573AII6, STM32H573I-DK, STM32H573IIK3Q, STM32H573IIK6, STM32H573IIT3Q, STM32H573IIT6, STM32H573MIY3QTR, STM32H573RIT6, STM32H573RIV6, STM32H573VIT3Q, STM32H573VIT6, STM32H573ZIT3Q, STM32H573ZIT6, STM32L4R5QGI6STR, STM32MP131AAE3, STM32MP131AAF3, STM32MP131AAG3, STM32MP131CAE3, STM32MP131CAF3, STM32MP131CAG3, STM32MP131DAE7, STM32MP131DAF7, STM32MP131DAG7, STM32MP131FAE7, STM32MP131FAF7, STM32MP131FAG7, STM32MP133AAE3, STM32MP133AAF3, STM32MP133AAG3, STM32MP133CAE3, STM32MP133CAF3, STM32MP133CAG3, STM32MP133DAE7, STM32MP133DAF7, STM32MP133DAG7, STM32MP133FAE7, STM32MP133FAF7, STM32MP133FAG7, STM32MP135AAE3, STM32MP135AAF3, STM32MP135AAG3, STM32MP135CAE3, STM32MP135CAF3, STM32MP135CAG3, STM32MP135DAE7, STM32MP135DAF7, STM32MP135DAG7, STM32MP135F-DK, STM32MP135FAE7, STM32MP135FAF7, STM32MP135FAF7T, STM32MP135FAF7U, STM32MP135FAG7, STM32U535CBT6, STM32U535CBT6Q, STM32U535CBU6, STM32U535CBU6Q, STM32U535CCT6, STM32U535CCT6Q, STM32U535CCU6, STM32U535CCU6Q, STM32U535CET6, STM32U535CET6Q, STM32U535CEU6, STM32U535CEU6Q, STM32U535JEY6QTR, STM32U535NCY6QTR, STM32U535NEY6QTR, STM32U535RBI6, STM32U535RBI6Q, STM32U535RBT6, STM32U535RBT6Q, STM32U535RCI6, STM32U535RCI6Q, STM32U535RCT6, STM32U535RCT6Q, STM32U535REI6, STM32U535REI6Q, STM32U535RET6, STM32U535RET6Q, STM32U535VCI6, STM32U535VCI6Q, STM32U535VCT6, STM32U535VCT6Q, STM32U535VEI6, STM32U535VEI6Q, STM32U535VET6, STM32U535VET6Q, STM32U545CET6, STM32U545CET6Q, STM32U545CEU6, STM32U545CEU6Q, STM32U545JEY6QTR, STM32U545NEY6QTR, STM32U545REI6, STM32U545REI6Q, STM32U545RET6, STM32U545RET6Q, STM32U545VEI6, STM32U545VEI6Q, STM32U545VET6, STM32U545VET6Q, STM32U595AIH6, STM32U595AIH6Q, STM32U595AJH6, STM32U595AJH6Q, STM32U595QII6, STM32U595QII6Q, STM32U595QJI6, STM32U595QJI6Q, STM32U595RIT6, STM32U595RIT6Q, STM32U595RJT6, STM32U595RJT6Q, STM32U595VIT6, STM32U595VIT6Q, STM32U595VJT6, STM32U595VJT6Q, STM32U595ZIT6, STM32U595ZIT6Q, STM32U595ZIY6QTR, STM32U595ZJT6, STM32U595ZJT6Q, STM32U595ZJY6QTR, STM32U599BJY6QTR, STM32U599NIH6Q, STM32U599NJH6Q, STM32U599VIT6Q, STM32U599VJT6, STM32U599VJT6Q, STM32U599ZIT6Q, STM32U599ZIY6QTR, STM32U599ZJT6Q, STM32U599ZJY6QTR, STM32U5A5AJH6, STM32U5A5AJH6Q, STM32U5A5QJI6, STM32U5A5QJI6Q, STM32U5A5RJT6, STM32U5A5RJT6Q, STM32U5A5VJT6, STM32U5A5VJT6Q, STM32U5A5ZJT6, STM32U5A5ZJT6Q, STM32U5A5ZJY6QTR, STM32U5A9BJY6QTR, STM32U5A9J-DK, STM32U5A9NJH6Q, STM32U5A9VJT6Q, STM32U5A9ZJT6Q, STM32U5A9ZJY6QTR, STM32U5F7VIT6, STM32U5F7VIT6Q, STM32U5F7VJT6, STM32U5F7VJT6Q, STM32U5F9BJY6QTR, STM32U5F9NJH6Q, STM32U5F9VIT6Q, STM32U5F9VJT6Q, STM32U5F9ZIJ6QTR, STM32U5F9ZIT6Q, STM32U5F9ZJJ6QTR, STM32U5F9ZJT6Q, STM32U5G7VJT6, STM32U5G7VJT6Q, STM32U5G9BJY6QTR, STM32U5G9J-DK1, STM32U5G9J-DK2, STM32U5G9NJH6Q, STM32U5G9VJT6Q, STM32U5G9ZJJ6QTR, STM32U5G9ZJT6Q, STM32WB1MMCH6, STM32WBA52CEU6, STM32WBA52CEU6T, STM32WBA52CGU6, STM32WBA52CGU6T, STM32WBA52KEU6, STM32WBA52KEU6T, STM32WBA52KGU6, STM32WBA52KGU6T, STM32WL5MOCH6, STM32WL5MOCH6TR]
2023-08-14 18:13:14,671 [INFO] BoardInfo:880 - No configuration file found for board P-NUCLEO-WB55
2023-08-14 18:13:14,672 [INFO] DbBoards:157 - Kit is not supported: P-NUCLEO-WB55
2023-08-14 18:13:14,678 [INFO] BoardInfo:880 - No configuration file found for board STEVAL-BFA001V1B
2023-08-14 18:13:14,678 [INFO] DbBoards:157 - Kit is not supported: STEVAL-BFA001V1B
2023-08-14 18:13:14,679 [INFO] BoardInfo:880 - No configuration file found for board STEVAL-BFA001V2B
2023-08-14 18:13:14,679 [INFO] DbBoards:157 - Kit is not supported: STEVAL-BFA001V2B
2023-08-14 18:13:14,812 [INFO] DbBoards:161 - Found 190 boards, 187 are supported
2023-08-14 18:13:14,821 [INFO] ApiDb:668 - CubeFinder database Data Model version=2.1
2023-08-14 18:13:14,822 [INFO] ApiDb:669 - CubeFinder database Configuration version=3.0.37
2023-08-14 18:13:14,822 [INFO] ApiDb:670 - CubeFinder database generation date=2023-06-26 (1687786131)
2023-08-14 18:13:14,822 [INFO] ApiDb:671 - CubeFinder database FW Pack versions=[FP-ATR-ASTRA1_V2.0.0, FP-SNS-FLIGHT1_V5.0.1, FP-SNS-MOTENV1_V4.3.1, STM32Cube_FW_C0_V1.1.0, STM32Cube_FW_F4_V1.27.1, STM32Cube_FW_F7_V1.17.0, STM32Cube_FW_G0_V1.6.1, STM32Cube_FW_G4_V1.5.1, STM32Cube_FW_H5_V0.5.1, STM32Cube_FW_H5_V1.1.0, STM32Cube_FW_H7_V1.11.0, STM32Cube_FW_L0_V1.12.2, STM32Cube_FW_L5_V1.5.0, STM32Cube_FW_U5_V1.3.0, STM32Cube_FW_U5_V1.3.0RC4, STM32Cube_FW_WBA_V1.0.0RC1, STM32Cube_FW_WBA_V1.1.0, STM32Cube_FW_WBA_V1.1.0RC1, STM32Cube_FW_WB_V1.15.0RC1, STM32Cube_FW_WB_V1.16.0, STM32Cube_FW_WB_V1.16.0RC2, STM32Cube_FW_WB_V1.17.0, STM32Cube_FW_WL_V1.3.0, X-CUBE-ALGOBUILD_V1.3.0, X-CUBE-ALS_V1.0.1, X-CUBE-AZRTOS-F4_V1.1.0, X-CUBE-AZRTOS-F7_V1.1.0, X-CUBE-AZRTOS-G0_V1.1.0, X-CUBE-AZRTOS-G4_V2.0.0, X-CUBE-AZRTOS-H7_V3.1.0, X-CUBE-AZRTOS-L4_V1.0.0, X-CUBE-AZRTOS-L4_V2.0.0, X-CUBE-AZRTOS-L5_V1.1.0, X-CUBE-AZRTOS-WB_V1.1.0, X-CUBE-AZRTOS-WL_V2.0.0, X-CUBE-BLE1_V6.2.4, X-CUBE-BLE2_V3.3.0, X-CUBE-BLEMGR_V2.0.0, X-CUBE-EEPRMA1_V4.1.0, X-CUBE-FREERTOS_V1.0.1, X-CUBE-GNSS1_V6.0.0, X-CUBE-MEMS1_V9.1.0, X-CUBE-MEMS1_V9.4.0, X-CUBE-MEMS1_V9.6.0, X-CUBE-NFC4_V3.0.0, X-CUBE-NFC7_V1.0.0, X-CUBE-SFXS2LP1_V4.0.0, X-CUBE-SUBG2_V5.0.0]
2023-08-14 18:13:17,449 [INFO] ApiDb:240 - Found 323 in-development CPN: [B-G473E-ZEST1S, B-WB1M-WPAN1, B-WL5M-SUBG1, NUCLEO-C031C6, NUCLEO-H503RB, NUCLEO-H563ZI, NUCLEO-U545RE-Q, NUCLEO-U5A5ZJ-Q, NUCLEO-WBA52CG, STEVAL-PROTEUS1, STEVAL-SMARTAG2, STEVAL-STWINBX1, STM320518-EVAL, STM32C0116-DK, STM32C011D6Y3TR, STM32C011D6Y6TR, STM32C011F4P3, STM32C011F4P6, STM32C011F4U3, STM32C011F4U6TR, STM32C011F6P3, STM32C011F6P6, STM32C011F6U3, STM32C011F6U6TR, STM32C011J4M3, STM32C011J4M6, STM32C011J6M3, STM32C011J6M6, STM32C0316-DK, STM32C031C4T3, STM32C031C4T6, STM32C031C4U3, STM32C031C4U6, STM32C031C6T3, STM32C031C6T6, STM32C031C6U3, STM32C031C6U6, STM32C031F4P3, STM32C031F4P6, STM32C031F6P3, STM32C031F6P6, STM32C031G4U3, STM32C031G4U6, STM32C031G6U3, STM32C031G6U6, STM32C031K4T3, STM32C031K4T6, STM32C031K4U3, STM32C031K4U6, STM32C031K6T3, STM32C031K6T6, STM32C031K6U3, STM32C031K6U6, STM32G071K8TXN, STM32G071K8UXN, STM32G081GBU6N, STM32G081KBT6N, STM32G081KBUXN, STM32G0B1CCT6N, STM32G0B1KCT6, STM32G0B1NEY6TR, STM32G0B1RCT6N, STM32G0C1CCT6, STM32G0C1CCT6N, STM32G0C1CCU6N, STM32G0C1CET6N, STM32G0C1CEU6N, STM32G0C1KCT6, STM32G0C1NEY6TR, STM32G0C1RCI6N, STM32G0C1RCT6N, STM32G0C1REI6N, STM32G0C1RET6N, STM32G0C1VCI6, STM32G0C1VEI6, STM32G471CCT6, STM32G471CCU6, STM32G471CET3, STM32G471CET6, STM32G471CEU3, STM32G471CEU6, STM32G471MCT6, STM32G471MET3, STM32G471MET6, STM32G471MEY6TR, STM32G471QCT6, STM32G471QET3, STM32G471RCT6, STM32G471RET3, STM32G471RET6, STM32G471VCH6, STM32G471VCI6, STM32G471VCT6, STM32G471VEH3, STM32G471VEH6, STM32G471VEI3, STM32G471VEI6, STM32G471VET3, STM32G471VET6, STM32G474CCT6, STM32H503CBT6, STM32H503CBU6, STM32H503EBY6TR, STM32H503KBU6, STM32H503RBT6, STM32H562AGI6, STM32H562AII6, STM32H562IGK6, STM32H562IGT6, STM32H562IIK6, STM32H562IIT6, STM32H562RGT6, STM32H562RGV6, STM32H562RIT6, STM32H562RIV6, STM32H562VGT6, STM32H562VIT6, STM32H562ZGT6, STM32H562ZIT6, STM32H563AGI6, STM32H563AII3Q, STM32H563AII6, STM32H563IGK6, STM32H563IGT6, STM32H563IIK3Q, STM32H563IIK6, STM32H563IIT3Q, STM32H563IIT6, STM32H563MIY3QTR, STM32H563RGT6, STM32H563RGV6, STM32H563RIT6, STM32H563RIV6, STM32H563VGT6, STM32H563VIT3Q, STM32H563VIT6, STM32H563ZGT6, STM32H563ZIT3Q, STM32H563ZIT6, STM32H573AII3Q, STM32H573AII6, STM32H573I-DK, STM32H573IIK3Q, STM32H573IIK6, STM32H573IIT3Q, STM32H573IIT6, STM32H573MIY3QTR, STM32H573RIT6, STM32H573RIV6, STM32H573VIT3Q, STM32H573VIT6, STM32H573ZIT3Q, STM32H573ZIT6, STM32L4R5QGI6STR, STM32MP131AAE3, STM32MP131AAF3, STM32MP131AAG3, STM32MP131CAE3, STM32MP131CAF3, STM32MP131CAG3, STM32MP131DAE7, STM32MP131DAF7, STM32MP131DAG7, STM32MP131FAE7, STM32MP131FAF7, STM32MP131FAG7, STM32MP133AAE3, STM32MP133AAF3, STM32MP133AAG3, STM32MP133CAE3, STM32MP133CAF3, STM32MP133CAG3, STM32MP133DAE7, STM32MP133DAF7, STM32MP133DAG7, STM32MP133FAE7, STM32MP133FAF7, STM32MP133FAG7, STM32MP135AAE3, STM32MP135AAF3, STM32MP135AAG3, STM32MP135CAE3, STM32MP135CAF3, STM32MP135CAG3, STM32MP135DAE7, STM32MP135DAF7, STM32MP135DAG7, STM32MP135F-DK, STM32MP135FAE7, STM32MP135FAF7, STM32MP135FAF7T, STM32MP135FAF7U, STM32MP135FAG7, STM32U535CBT6, STM32U535CBT6Q, STM32U535CBU6, STM32U535CBU6Q, STM32U535CCT6, STM32U535CCT6Q, STM32U535CCU6, STM32U535CCU6Q, STM32U535CET6, STM32U535CET6Q, STM32U535CEU6, STM32U535CEU6Q, STM32U535JEY6QTR, STM32U535NCY6QTR, STM32U535NEY6QTR, STM32U535RBI6, STM32U535RBI6Q, STM32U535RBT6, STM32U535RBT6Q, STM32U535RCI6, STM32U535RCI6Q, STM32U535RCT6, STM32U535RCT6Q, STM32U535REI6, STM32U535REI6Q, STM32U535RET6, STM32U535RET6Q, STM32U535VCI6, STM32U535VCI6Q, STM32U535VCT6, STM32U535VCT6Q, STM32U535VEI6, STM32U535VEI6Q, STM32U535VET6, STM32U535VET6Q, STM32U545CET6, STM32U545CET6Q, STM32U545CEU6, STM32U545CEU6Q, STM32U545JEY6QTR, STM32U545NEY6QTR, STM32U545REI6, STM32U545REI6Q, STM32U545RET6, STM32U545RET6Q, STM32U545VEI6, STM32U545VEI6Q, STM32U545VET6, STM32U545VET6Q, STM32U595AIH6, STM32U595AIH6Q, STM32U595AJH6, STM32U595AJH6Q, STM32U595QII6, STM32U595QII6Q, STM32U595QJI6, STM32U595QJI6Q, STM32U595RIT6, STM32U595RIT6Q, STM32U595RJT6, STM32U595RJT6Q, STM32U595VIT6, STM32U595VIT6Q, STM32U595VJT6, STM32U595VJT6Q, STM32U595ZIT6, STM32U595ZIT6Q, STM32U595ZIY6QTR, STM32U595ZJT6, STM32U595ZJT6Q, STM32U595ZJY6QTR, STM32U599BJY6QTR, STM32U599NIH6Q, STM32U599NJH6Q, STM32U599VIT6Q, STM32U599VJT6, STM32U599VJT6Q, STM32U599ZIT6Q, STM32U599ZIY6QTR, STM32U599ZJT6Q, STM32U599ZJY6QTR, STM32U5A5AJH6, STM32U5A5AJH6Q, STM32U5A5QJI6, STM32U5A5QJI6Q, STM32U5A5RJT6, STM32U5A5RJT6Q, STM32U5A5VJT6, STM32U5A5VJT6Q, STM32U5A5ZJT6, STM32U5A5ZJT6Q, STM32U5A5ZJY6QTR, STM32U5A9BJY6QTR, STM32U5A9J-DK, STM32U5A9NJH6Q, STM32U5A9VJT6Q, STM32U5A9ZJT6Q, STM32U5A9ZJY6QTR, STM32U5F7VIT6, STM32U5F7VIT6Q, STM32U5F7VJT6, STM32U5F7VJT6Q, STM32U5F9BJY6QTR, STM32U5F9NJH6Q, STM32U5F9VIT6Q, STM32U5F9VJT6Q, STM32U5F9ZIJ6QTR, STM32U5F9ZIT6Q, STM32U5F9ZJJ6QTR, STM32U5F9ZJT6Q, STM32U5G7VJT6, STM32U5G7VJT6Q, STM32U5G9BJY6QTR, STM32U5G9J-DK1, STM32U5G9J-DK2, STM32U5G9NJH6Q, STM32U5G9VJT6Q, STM32U5G9ZJJ6QTR, STM32U5G9ZJT6Q, STM32WB1MMCH6, STM32WBA52CEU6, STM32WBA52CEU6T, STM32WBA52CGU6, STM32WBA52CGU6T, STM32WBA52KEU6, STM32WBA52KEU6T, STM32WBA52KGU6, STM32WBA52KGU6T, STM32WL5MOCH6, STM32WL5MOCH6TR]
2023-08-14 18:13:17,456 [INFO] DbMcus:217 - Found 3848 MCUs, 3848 are supported
2023-08-14 18:13:17,457 [INFO] ApiDb:423 - Load user favorites file C:\Users\Afshin/.stm32cubeide/favorites.mcus.txt: 0 item(s)
2023-08-14 18:13:17,457 [INFO] ApiDb:427 - User favorites MCUs=[]
2023-08-14 18:13:17,458 [INFO] DbMcus:223 - Set 0 / 0 favorites MCUs
2023-08-14 18:13:17,809 [INFO] ApiDb:423 - Load user favorites file C:\Users\Afshin/.stm32cubeide/favorites.boards.txt: 0 item(s)
2023-08-14 18:13:17,810 [INFO] ApiDb:427 - User favorites Boards=[]
2023-08-14 18:13:17,810 [INFO] DbBoards:190 - Set 0 / 0 favorites Boards
2023-08-14 18:13:17,810 [INFO] McuFinderGlobals:76 - Set McuFinderConnectedMode to true
2023-08-14 18:13:17,819 [INFO] MultiScanPanel:200 - Auto-refresh data requested => check proxy status ongoing
2023-08-14 18:13:17,825 [INFO] FinderPluginLoader:95 - Searching for filters in installed packs
2023-08-14 18:13:19,574 [INFO] LoadUrlFilesThread:185 - End of LoadServerUrlFiles without Thread
2023-08-14 18:13:19,585 [INFO] DetailPanel:341 - Set advertising image to C:/Users/Afshin/STM32Cube/Repository/\en.prom-stm32h5-mcu-finder.jpg
2023-08-14 18:13:21,455 [INFO] MultiScanPanel:200 - Auto-refresh data requested => check proxy status ongoing
2023-08-14 18:13:21,663 [INFO] LoadUrlFilesThread:185 - End of LoadServerUrlFiles without Thread
2023-08-14 18:13:21,663 [INFO] DetailPanel:341 - Set advertising image to C:/Users/Afshin/STM32Cube/Repository/\en.prom-stm32h5-mcu-finder.jpg
2023-08-14 18:13:21,679 [INFO] DbBoards:634 - Loading board mini-images...
2023-08-14 18:13:25,791 [ERROR] DbBoards:651 - Image file not found for board STM32U5G9J-DK1: C:\Users\Afshin\.stmcufinder\plugins\mcufinder//mcu//boards_images/STM32U5G9J-DK1.jpg
2023-08-14 18:13:25,791 [ERROR] DbBoards:651 - Image file not found for board STM32U5G9J-DK2: C:\Users\Afshin\.stmcufinder\plugins\mcufinder//mcu//boards_images/STM32U5G9J-DK2.jpg
2023-08-14 18:13:25,825 [INFO] DbBoards:657 - Loaded 188 board mini-images
2023-08-14 18:13:25,905 [INFO] MultiScanPanel:200 - Auto-refresh data requested => check proxy status ongoing
2023-08-14 18:13:25,910 [INFO] ApiDb:668 - CubeFinder database Data Model version=2.1
2023-08-14 18:13:25,910 [INFO] ApiDb:669 - CubeFinder database Configuration version=3.0.37
2023-08-14 18:13:25,910 [INFO] ApiDb:670 - CubeFinder database generation date=2023-06-26 (1687786131)
2023-08-14 18:13:25,910 [INFO] ApiDb:671 - CubeFinder database FW Pack versions=[FP-ATR-ASTRA1_V2.0.0, FP-SNS-FLIGHT1_V5.0.1, FP-SNS-MOTENV1_V4.3.1, STM32Cube_FW_C0_V1.1.0, STM32Cube_FW_F4_V1.27.1, STM32Cube_FW_F7_V1.17.0, STM32Cube_FW_G0_V1.6.1, STM32Cube_FW_G4_V1.5.1, STM32Cube_FW_H5_V0.5.1, STM32Cube_FW_H5_V1.1.0, STM32Cube_FW_H7_V1.11.0, STM32Cube_FW_L0_V1.12.2, STM32Cube_FW_L5_V1.5.0, STM32Cube_FW_U5_V1.3.0, STM32Cube_FW_U5_V1.3.0RC4, STM32Cube_FW_WBA_V1.0.0RC1, STM32Cube_FW_WBA_V1.1.0, STM32Cube_FW_WBA_V1.1.0RC1, STM32Cube_FW_WB_V1.15.0RC1, STM32Cube_FW_WB_V1.16.0, STM32Cube_FW_WB_V1.16.0RC2, STM32Cube_FW_WB_V1.17.0, STM32Cube_FW_WL_V1.3.0, X-CUBE-ALGOBUILD_V1.3.0, X-CUBE-ALS_V1.0.1, X-CUBE-AZRTOS-F4_V1.1.0, X-CUBE-AZRTOS-F7_V1.1.0, X-CUBE-AZRTOS-G0_V1.1.0, X-CUBE-AZRTOS-G4_V2.0.0, X-CUBE-AZRTOS-H7_V3.1.0, X-CUBE-AZRTOS-L4_V1.0.0, X-CUBE-AZRTOS-L4_V2.0.0, X-CUBE-AZRTOS-L5_V1.1.0, X-CUBE-AZRTOS-WB_V1.1.0, X-CUBE-AZRTOS-WL_V2.0.0, X-CUBE-BLE1_V6.2.4, X-CUBE-BLE2_V3.3.0, X-CUBE-BLEMGR_V2.0.0, X-CUBE-EEPRMA1_V4.1.0, X-CUBE-FREERTOS_V1.0.1, X-CUBE-GNSS1_V6.0.0, X-CUBE-MEMS1_V9.1.0, X-CUBE-MEMS1_V9.4.0, X-CUBE-MEMS1_V9.6.0, X-CUBE-NFC4_V3.0.0, X-CUBE-NFC7_V1.0.0, X-CUBE-SFXS2LP1_V4.0.0, X-CUBE-SUBG2_V5.0.0]
2023-08-14 18:13:27,410 [INFO] DbExamplesSqlite:395 - Ignored 27 examples not supported by CubeIDE
2023-08-14 18:13:27,410 [INFO] DbExamplesSqlite:396 - Found 7164 examples active
2023-08-14 18:13:27,411 [INFO] DbExamplesSqlite:397 - Found 677 examples obsolete
2023-08-14 18:13:27,411 [INFO] DbExamplesSqlite:398 - Found 0 examples under development
2023-08-14 18:13:27,411 [INFO] DbExamplesSqlite:399 - Found 74 examples not building
2023-08-14 18:13:27,413 [INFO] DbExamples:125 - Found 7211 examples
2023-08-14 18:13:27,429 [INFO] DbExamples:222 - Found 92 boards with related examples
2023-08-14 18:13:27,431 [INFO] DbExamples:235 - Found 78 MCUs with related examples
2023-08-14 18:13:27,490 [INFO] ApiDb:423 - Load user favorites file C:\Users\Afshin/.stm32cubeide/favorites.examples.txt: 0 item(s)
2023-08-14 18:13:27,491 [INFO] ApiDb:427 - User favorites Examples=[]
2023-08-14 18:13:27,491 [INFO] DbExamples:250 - Set 0 / 0 favorites Examples
2023-08-14 18:13:29,529 [INFO] SoftwarePacks:127 - Download is needed for SW pack 'FP-ATR-ASTRA1_V2.0.0'
2023-08-14 18:13:29,540 [INFO] SoftwarePacks:127 - Download is needed for SW pack 'STM32Cube_FW_C0_V1.1.0'
2023-08-14 18:13:29,548 [INFO] SoftwarePacks:127 - Download is needed for SW pack 'STM32Cube_FW_F4_V1.27.1'
2023-08-14 18:13:29,555 [INFO] SoftwarePacks:127 - Download is needed for SW pack 'STM32Cube_FW_F7_V1.17.0'
2023-08-14 18:13:29,562 [INFO] SoftwarePacks:127 - Download is needed for SW pack 'STM32Cube_FW_G0_V1.6.1'
2023-08-14 18:13:29,570 [INFO] SoftwarePacks:127 - Download is needed for SW pack 'STM32Cube_FW_G4_V1.5.1'
2023-08-14 18:13:29,576 [INFO] SoftwarePacks:127 - Download is needed for SW pack 'STM32Cube_FW_H5_V1.1.0'
2023-08-14 18:13:29,585 [INFO] SoftwarePacks:127 - Download is needed for SW pack 'STM32Cube_FW_H7_V1.11.0'
2023-08-14 18:13:29,593 [INFO] SoftwarePacks:127 - Download is needed for SW pack 'STM32Cube_FW_L0_V1.12.2'
2023-08-14 18:13:29,599 [INFO] SoftwarePacks:127 - Download is needed for SW pack 'STM32Cube_FW_L5_V1.5.0'
2023-08-14 18:13:29,604 [INFO] SoftwarePacks:127 - Download is needed for SW pack 'STM32Cube_FW_U5_V1.3.0'
2023-08-14 18:13:29,610 [INFO] SoftwarePacks:127 - Download is needed for SW pack 'STM32Cube_FW_WBA_V1.1.0'
2023-08-14 18:13:29,616 [INFO] SoftwarePacks:127 - Download is needed for SW pack 'STM32Cube_FW_WB_V1.17.0'
2023-08-14 18:13:29,623 [INFO] SoftwarePacks:127 - Download is needed for SW pack 'STM32Cube_FW_WL_V1.3.0'
2023-08-14 18:13:29,634 [INFO] SoftwarePacks:127 - Download is needed for SW pack 'X-CUBE-ALGOBUILD_V1.3.0'
2023-08-14 18:13:29,645 [INFO] SoftwarePacks:127 - Download is needed for SW pack 'X-CUBE-ALS_V1.0.1'
2023-08-14 18:13:29,656 [INFO] SoftwarePacks:127 - Download is needed for SW pack 'X-CUBE-AZRTOS-F4_V1.1.0'
2023-08-14 18:13:29,668 [INFO] SoftwarePacks:127 - Download is needed for SW pack 'X-CUBE-AZRTOS-F7_V1.1.0'
2023-08-14 18:13:29,686 [INFO] SoftwarePacks:127 - Download is needed for SW pack 'X-CUBE-AZRTOS-G0_V1.1.0'
2023-08-14 18:13:29,698 [INFO] SoftwarePacks:127 - Download is needed for SW pack 'X-CUBE-AZRTOS-G4_V2.0.0'
2023-08-14 18:13:29,710 [INFO] SoftwarePacks:127 - Download is needed for SW pack 'X-CUBE-AZRTOS-H7_V3.1.0'
2023-08-14 18:13:29,722 [INFO] SoftwarePacks:127 - Download is needed for SW pack 'X-CUBE-AZRTOS-L4_V2.0.0'
2023-08-14 18:13:29,733 [INFO] SoftwarePacks:127 - Download is needed for SW pack 'X-CUBE-AZRTOS-L5_V1.1.0'
2023-08-14 18:13:29,744 [INFO] SoftwarePacks:127 - Download is needed for SW pack 'X-CUBE-AZRTOS-WB_V1.1.0'
2023-08-14 18:13:29,755 [INFO] SoftwarePacks:127 - Download is needed for SW pack 'X-CUBE-AZRTOS-WL_V2.0.0'
2023-08-14 18:13:29,766 [INFO] SoftwarePacks:127 - Download is needed for SW pack 'X-CUBE-BLE1_V6.2.4'
2023-08-14 18:13:29,780 [INFO] SoftwarePacks:127 - Download is needed for SW pack 'X-CUBE-BLE2_V3.3.0'
2023-08-14 18:13:29,792 [INFO] SoftwarePacks:127 - Download is needed for SW pack 'X-CUBE-BLEMGR_V2.0.0'
2023-08-14 18:13:29,807 [INFO] SoftwarePacks:131 - Found SW pack 'X-CUBE-EEPRMA1_V4.1.0' up-to-date on disk.
2023-08-14 18:13:29,818 [INFO] SoftwarePacks:127 - Download is needed for SW pack 'X-CUBE-FREERTOS_V1.0.1'
2023-08-14 18:13:29,828 [INFO] SoftwarePacks:127 - Download is needed for SW pack 'X-CUBE-GNSS1_V6.0.0'
2023-08-14 18:13:29,839 [INFO] SoftwarePacks:127 - Download is needed for SW pack 'X-CUBE-MEMS1_V9.6.0'
2023-08-14 18:13:29,851 [INFO] SoftwarePacks:127 - Download is needed for SW pack 'X-CUBE-NFC4_V3.0.0'
2023-08-14 18:13:29,862 [INFO] SoftwarePacks:127 - Download is needed for SW pack 'X-CUBE-NFC7_V1.0.0'
2023-08-14 18:13:29,873 [INFO] SoftwarePacks:127 - Download is needed for SW pack 'X-CUBE-SFXS2LP1_V4.0.0'
2023-08-14 18:13:29,891 [INFO] SoftwarePacks:127 - Download is needed for SW pack 'X-CUBE-SUBG2_V5.0.0'
2023-08-14 18:13:33,035 [INFO] LoadUrlFilesThread:185 - End of LoadServerUrlFiles without Thread
2023-08-14 18:13:33,035 [INFO] DetailPanel:341 - Set advertising image to C:/Users/Afshin/STM32Cube/Repository/\en.prom-stm32h5-mcu-finder.jpg
2023-08-14 18:13:40,036 [INFO] McuFinderGlobals:76 - Set McuFinderConnectedMode to true
2023-08-14 18:13:40,042 [INFO] ApiDb:448 - Save user favorites file C:\Users\Afshin/.stm32cubeide/favorites.mcus.txt: 0 item(s)
2023-08-14 18:13:40,042 [INFO] ApiDb:452 - User favorites MCUs=[]
2023-08-14 18:13:40,044 [INFO] ApiDb:448 - Save user favorites file C:\Users\Afshin/.stm32cubeide/favorites.boards.txt: 0 item(s)
2023-08-14 18:13:40,045 [INFO] ApiDb:452 - User favorites Boards=[]
2023-08-14 18:13:40,048 [INFO] ApiDb:448 - Save user favorites file C:\Users\Afshin/.stm32cubeide/favorites.examples.txt: 0 item(s)
2023-08-14 18:13:40,048 [INFO] ApiDb:452 - User favorites Examples=[]
2023-08-14 18:18:37,692 [ERROR] LogOutputStream:75 - [STDERR_REDIRECT] 
